<?xml version="1.0" encoding="UTF-8"?>
<!-- Generated by org.testng.reporters.JUnitXMLReporter -->
<testsuite ignored="0" hostname="Er-Gaurav" failures="3" tests="3" name="Flipkart Testing" time="0.29" errors="0" timestamp="2023-06-21T17:30:07 IST">
  <testcase classname="functionalTesting.FlipkartTesting" name="verifyTitleandHeading" time="0.179">
    <failure type="java.lang.NullPointerException" message="Cannot invoke &amp;quot;org.openqa.selenium.WebDriver.get(String)&amp;quot; because &amp;quot;base.Base.driver&amp;quot; is null">
      <![CDATA[java.lang.NullPointerException: Cannot invoke "org.openqa.selenium.WebDriver.get(String)" because "base.Base.driver" is null
at base.Base.openUrl(Base.java:63)
at functionalTesting.FlipkartTesting.verifyTitleandHeading(FlipkartTesting.java:24)
at java.base/java.util.ArrayList.forEach(ArrayList.java:1511)
... Removed 27 stack frames]]>
    </failure>
  </testcase> <!-- verifyTitleandHeading -->
  <testcase classname="functionalTesting.FlipkartTesting" name="verifyPricesSorted" time="0.002">
    <failure type="java.lang.NullPointerException" message="Cannot invoke &amp;quot;org.openqa.selenium.WebDriver.get(String)&amp;quot; because &amp;quot;base.Base.driver&amp;quot; is null">
      <![CDATA[java.lang.NullPointerException: Cannot invoke "org.openqa.selenium.WebDriver.get(String)" because "base.Base.driver" is null
at base.Base.openUrl(Base.java:63)
at functionalTesting.FlipkartTesting.verifyPricesSorted(FlipkartTesting.java:45)
at java.base/java.util.ArrayList.forEach(ArrayList.java:1511)
... Removed 27 stack frames]]>
    </failure>
  </testcase> <!-- verifyPricesSorted -->
  <testcase classname="functionalTesting.FlipkartTesting" name="verifyProductNameandPrice" time="0.013">
    <failure type="java.lang.NullPointerException" message="Cannot invoke &amp;quot;org.openqa.selenium.WebDriver.get(String)&amp;quot; because &amp;quot;base.Base.driver&amp;quot; is null">
      <![CDATA[java.lang.NullPointerException: Cannot invoke "org.openqa.selenium.WebDriver.get(String)" because "base.Base.driver" is null
at base.Base.openUrl(Base.java:63)
at functionalTesting.FlipkartTesting.verifyProductNameandPrice(FlipkartTesting.java:66)
at java.base/java.util.ArrayList.forEach(ArrayList.java:1511)
... Removed 27 stack frames]]>
    </failure>
  </testcase> <!-- verifyProductNameandPrice -->
</testsuite> <!-- Flipkart Testing -->
